Using pre-set license
Built from '2020.3/staging' branch; Version is '2020.3.11f1 (99c7afb366b3) revision 10078127'; Using compiler version '192528614'; Build Type 'Release'
OS: 'Windows 10 Pro; OS build 19043.1466; Version 2009; 64bit' Language: 'fi' Physical Memory: 16259 MB
BatchMode: 1, IsHumanControllingUs: 0, StartBugReporterOnCrash: 0, Is64bit: 1, IsPro: 0

 COMMAND LINE ARGUMENTS:
C:\Program Files\Unity\Hub\Editor\2020.3.11f1\Editor\Unity.exe
-adb2
-batchMode
-noUpm
-name
AssetImportWorker1
-projectPath
C:/Users/OMISTAJA/Desktop/Koulu 2021-2022/Oma peli/Space Invaders V2
-logFile
Logs/AssetImportWorker1.log
-srvPort
60941
Successfully changed project path to: C:/Users/OMISTAJA/Desktop/Koulu 2021-2022/Oma peli/Space Invaders V2
C:/Users/OMISTAJA/Desktop/Koulu 2021-2022/Oma peli/Space Invaders V2
Using Asset Import Pipeline V2.
